metazoa	acyrthosiphon_pisum_core_37_90_2	lncRNA	4
metazoa	acyrthosiphon_pisum_core_37_90_2	ncRNA	1
metazoa	acyrthosiphon_pisum_core_37_90_2	pre_miRNA	74
metazoa	acyrthosiphon_pisum_core_37_90_2	RNase_MRP_RNA	1
metazoa	acyrthosiphon_pisum_core_37_90_2	RNase_P_RNA	1
metazoa	acyrthosiphon_pisum_core_37_90_2	rRNA	163
metazoa	acyrthosiphon_pisum_core_37_90_2	snoRNA	9
metazoa	acyrthosiphon_pisum_core_37_90_2	snRNA	56
metazoa	acyrthosiphon_pisum_core_37_90_2	tRNA	274
metazoa	adineta_vaga_core_37_90_1	lncRNA	1
metazoa	adineta_vaga_core_37_90_1	ncRNA	2
metazoa	adineta_vaga_core_37_90_1	pre_miRNA	41
metazoa	adineta_vaga_core_37_90_1	RNase_P_RNA	2
metazoa	adineta_vaga_core_37_90_1	rRNA	150
metazoa	adineta_vaga_core_37_90_1	snoRNA	7
metazoa	adineta_vaga_core_37_90_1	snRNA	107
metazoa	adineta_vaga_core_37_90_1	SRP_RNA	3
metazoa	adineta_vaga_core_37_90_1	tRNA	422
metazoa	adineta_vaga_core_37_90_1	vault_RNA	2
metazoa	amphimedon_queenslandica_core_37_90_1	RNase_MRP_RNA	1
metazoa	amphimedon_queenslandica_core_37_90_1	RNase_P_RNA	1
metazoa	amphimedon_queenslandica_core_37_90_1	rRNA	17
metazoa	amphimedon_queenslandica_core_37_90_1	snoRNA	7
metazoa	amphimedon_queenslandica_core_37_90_1	snRNA	14
metazoa	amphimedon_queenslandica_core_37_90_1	SRP_RNA	3
metazoa	amphimedon_queenslandica_core_37_90_1	tRNA	87
metazoa	anoplophora_glabripennis_core_37_90_1	ncRNA	2
metazoa	anoplophora_glabripennis_core_37_90_1	pre_miRNA	72
metazoa	anoplophora_glabripennis_core_37_90_1	RNase_MRP_RNA	1
metazoa	anoplophora_glabripennis_core_37_90_1	RNase_P_RNA	1
metazoa	anoplophora_glabripennis_core_37_90_1	rRNA	33
metazoa	anoplophora_glabripennis_core_37_90_1	scaRNA	2
metazoa	anoplophora_glabripennis_core_37_90_1	snoRNA	13
metazoa	anoplophora_glabripennis_core_37_90_1	snRNA	39
metazoa	anoplophora_glabripennis_core_37_90_1	SRP_RNA	1
metazoa	anoplophora_glabripennis_core_37_90_1	tRNA	302
metazoa	apis_mellifera_core_37_90_45	lncRNA	1
metazoa	apis_mellifera_core_37_90_45	ncRNA	1
metazoa	apis_mellifera_core_37_90_45	pre_miRNA	256
metazoa	apis_mellifera_core_37_90_45	RNase_MRP_RNA	1
metazoa	apis_mellifera_core_37_90_45	RNase_P_RNA	2
metazoa	apis_mellifera_core_37_90_45	rRNA	56
metazoa	apis_mellifera_core_37_90_45	snoRNA	5
metazoa	apis_mellifera_core_37_90_45	snRNA	24
metazoa	apis_mellifera_core_37_90_45	tRNA	193
metazoa	atta_cephalotes_core_37_90_1	ncRNA	2
metazoa	atta_cephalotes_core_37_90_1	pre_miRNA	46
metazoa	atta_cephalotes_core_37_90_1	RNase_MRP_RNA	1
metazoa	atta_cephalotes_core_37_90_1	RNase_P_RNA	1
metazoa	atta_cephalotes_core_37_90_1	rRNA	32
metazoa	atta_cephalotes_core_37_90_1	scaRNA	2
metazoa	atta_cephalotes_core_37_90_1	snoRNA	7
metazoa	atta_cephalotes_core_37_90_1	snRNA	20
metazoa	atta_cephalotes_core_37_90_1	tRNA	140
metazoa	belgica_antarctica_core_37_90_1	lncRNA	2
metazoa	belgica_antarctica_core_37_90_1	pre_miRNA	33
metazoa	belgica_antarctica_core_37_90_1	RNase_MRP_RNA	2
metazoa	belgica_antarctica_core_37_90_1	RNase_P_RNA	1
metazoa	belgica_antarctica_core_37_90_1	rRNA	13
metazoa	belgica_antarctica_core_37_90_1	snoRNA	6
metazoa	belgica_antarctica_core_37_90_1	snRNA	7
metazoa	belgica_antarctica_core_37_90_1	SRP_RNA	1
metazoa	belgica_antarctica_core_37_90_1	tRNA	97
metazoa	bombus_impatiens_core_37_90_2	lncRNA	1
metazoa	bombus_impatiens_core_37_90_2	ncRNA	5
metazoa	bombus_impatiens_core_37_90_2	pre_miRNA	65
metazoa	bombus_impatiens_core_37_90_2	RNase_MRP_RNA	1
metazoa	bombus_impatiens_core_37_90_2	RNase_P_RNA	2
metazoa	bombus_impatiens_core_37_90_2	rRNA	93
metazoa	bombus_impatiens_core_37_90_2	scaRNA	1
metazoa	bombus_impatiens_core_37_90_2	snoRNA	8
metazoa	bombus_impatiens_core_37_90_2	snRNA	56
metazoa	bombus_impatiens_core_37_90_2	tRNA	216
metazoa	bombyx_mori_core_37_90_1	ncRNA	2
metazoa	bombyx_mori_core_37_90_1	pre_miRNA	74
metazoa	bombyx_mori_core_37_90_1	RNase_MRP_RNA	1
metazoa	bombyx_mori_core_37_90_1	RNase_P_RNA	2
metazoa	bombyx_mori_core_37_90_1	rRNA	110
metazoa	bombyx_mori_core_37_90_1	snoRNA	8
metazoa	bombyx_mori_core_37_90_1	snRNA	488
metazoa	bombyx_mori_core_37_90_1	SRP_RNA	10
metazoa	bombyx_mori_core_37_90_1	tRNA	427
metazoa	capitella_teleta_core_37_90_1	lncRNA	3
metazoa	capitella_teleta_core_37_90_1	ncRNA	1
metazoa	capitella_teleta_core_37_90_1	pre_miRNA	48
metazoa	capitella_teleta_core_37_90_1	RNase_MRP_RNA	2
metazoa	capitella_teleta_core_37_90_1	RNase_P_RNA	2
metazoa	capitella_teleta_core_37_90_1	rRNA	86
metazoa	capitella_teleta_core_37_90_1	scaRNA	1
metazoa	capitella_teleta_core_37_90_1	snoRNA	32
metazoa	capitella_teleta_core_37_90_1	snRNA	116
metazoa	capitella_teleta_core_37_90_1	SRP_RNA	5
metazoa	capitella_teleta_core_37_90_1	tRNA	1044
metazoa	capitella_teleta_core_37_90_1	vault_RNA	1
metazoa	crassostrea_gigas_core_37_90_1	lncRNA	2
metazoa	crassostrea_gigas_core_37_90_1	ncRNA	2
metazoa	crassostrea_gigas_core_37_90_1	pre_miRNA	52
metazoa	crassostrea_gigas_core_37_90_1	ribozyme	2
metazoa	crassostrea_gigas_core_37_90_1	RNase_MRP_RNA	2
metazoa	crassostrea_gigas_core_37_90_1	RNase_P_RNA	1
metazoa	crassostrea_gigas_core_37_90_1	rRNA	14
metazoa	crassostrea_gigas_core_37_90_1	scaRNA	1
metazoa	crassostrea_gigas_core_37_90_1	snoRNA	24
metazoa	crassostrea_gigas_core_37_90_1	snRNA	40
metazoa	crassostrea_gigas_core_37_90_1	SRP_RNA	9
metazoa	crassostrea_gigas_core_37_90_1	tRNA	345
metazoa	crassostrea_gigas_core_37_90_1	vault_RNA	3
metazoa	danaus_plexippus_core_37_90_1	lncRNA	1
metazoa	danaus_plexippus_core_37_90_1	ncRNA	1
metazoa	danaus_plexippus_core_37_90_1	pre_miRNA	59
metazoa	danaus_plexippus_core_37_90_1	RNase_MRP_RNA	1
metazoa	danaus_plexippus_core_37_90_1	RNase_P_RNA	2
metazoa	danaus_plexippus_core_37_90_1	rRNA	71
metazoa	danaus_plexippus_core_37_90_1	snoRNA	16
metazoa	danaus_plexippus_core_37_90_1	snRNA	88
metazoa	danaus_plexippus_core_37_90_1	SRP_RNA	9
metazoa	danaus_plexippus_core_37_90_1	tRNA	576
metazoa	daphnia_pulex_core_37_90_1	lncRNA	1
metazoa	daphnia_pulex_core_37_90_1	ncRNA	1
metazoa	daphnia_pulex_core_37_90_1	pre_miRNA	25
metazoa	daphnia_pulex_core_37_90_1	RNase_MRP_RNA	5
metazoa	daphnia_pulex_core_37_90_1	RNase_P_RNA	8
metazoa	daphnia_pulex_core_37_90_1	rRNA	175
metazoa	daphnia_pulex_core_37_90_1	snoRNA	16
metazoa	daphnia_pulex_core_37_90_1	snRNA	132
metazoa	daphnia_pulex_core_37_90_1	SRP_RNA	14
metazoa	daphnia_pulex_core_37_90_1	tRNA	2059
metazoa	dendroctonus_ponderosae_core_37_90_1	ncRNA	1
metazoa	dendroctonus_ponderosae_core_37_90_1	pre_miRNA	57
metazoa	dendroctonus_ponderosae_core_37_90_1	RNase_MRP_RNA	1
metazoa	dendroctonus_ponderosae_core_37_90_1	RNase_P_RNA	1
metazoa	dendroctonus_ponderosae_core_37_90_1	rRNA	11
metazoa	dendroctonus_ponderosae_core_37_90_1	scaRNA	1
metazoa	dendroctonus_ponderosae_core_37_90_1	snoRNA	9
metazoa	dendroctonus_ponderosae_core_37_90_1	snRNA	24
metazoa	dendroctonus_ponderosae_core_37_90_1	SRP_RNA	2
metazoa	dendroctonus_ponderosae_core_37_90_1	tRNA	183
metazoa	heliconius_melpomene_core_37_90_1	lncRNA	1
metazoa	heliconius_melpomene_core_37_90_1	pre_miRNA	99
metazoa	heliconius_melpomene_core_37_90_1	RNase_P_RNA	2
metazoa	heliconius_melpomene_core_37_90_1	rRNA	91
metazoa	heliconius_melpomene_core_37_90_1	snoRNA	17
metazoa	heliconius_melpomene_core_37_90_1	snRNA	58
metazoa	heliconius_melpomene_core_37_90_1	tRNA	1574
metazoa	helobdella_robusta_core_37_90_1	pre_miRNA	8
metazoa	helobdella_robusta_core_37_90_1	ribozyme	1
metazoa	helobdella_robusta_core_37_90_1	RNase_MRP_RNA	1
metazoa	helobdella_robusta_core_37_90_1	RNase_P_RNA	1
metazoa	helobdella_robusta_core_37_90_1	rRNA	167
metazoa	helobdella_robusta_core_37_90_1	snoRNA	24
metazoa	helobdella_robusta_core_37_90_1	snRNA	85
metazoa	helobdella_robusta_core_37_90_1	SRP_RNA	2
metazoa	helobdella_robusta_core_37_90_1	tRNA	146
metazoa	helobdella_robusta_core_37_90_1	vault_RNA	2
metazoa	lepeophtheirus_salmonis_core_37_90_6	pre_miRNA	13
metazoa	lepeophtheirus_salmonis_core_37_90_6	RNase_MRP_RNA	2
metazoa	lepeophtheirus_salmonis_core_37_90_6	RNase_P_RNA	1
metazoa	lepeophtheirus_salmonis_core_37_90_6	rRNA	49
metazoa	lepeophtheirus_salmonis_core_37_90_6	snoRNA	11
metazoa	lepeophtheirus_salmonis_core_37_90_6	snRNA	68
metazoa	lepeophtheirus_salmonis_core_37_90_6	SRP_RNA	5
metazoa	lepeophtheirus_salmonis_core_37_90_6	tRNA	271
metazoa	lingula_anatina_core_37_90_1	lncRNA	2
metazoa	lingula_anatina_core_37_90_1	ncRNA	2
metazoa	lingula_anatina_core_37_90_1	pre_miRNA	42
metazoa	lingula_anatina_core_37_90_1	RNase_MRP_RNA	1
metazoa	lingula_anatina_core_37_90_1	RNase_P_RNA	2
metazoa	lingula_anatina_core_37_90_1	rRNA	8
metazoa	lingula_anatina_core_37_90_1	scaRNA	2
metazoa	lingula_anatina_core_37_90_1	snoRNA	52
metazoa	lingula_anatina_core_37_90_1	snRNA	98
metazoa	lingula_anatina_core_37_90_1	SRP_RNA	10
metazoa	lingula_anatina_core_37_90_1	tRNA	566
metazoa	lingula_anatina_core_37_90_1	vault_RNA	3
metazoa	lottia_gigantea_core_37_90_1	lncRNA	1
metazoa	lottia_gigantea_core_37_90_1	ncRNA	3
metazoa	lottia_gigantea_core_37_90_1	pre_miRNA	20
metazoa	lottia_gigantea_core_37_90_1	RNase_MRP_RNA	1
metazoa	lottia_gigantea_core_37_90_1	RNase_P_RNA	3
metazoa	lottia_gigantea_core_37_90_1	rRNA	261
metazoa	lottia_gigantea_core_37_90_1	snoRNA	19
metazoa	lottia_gigantea_core_37_90_1	snRNA	118
metazoa	lottia_gigantea_core_37_90_1	SRP_RNA	12
metazoa	lottia_gigantea_core_37_90_1	tRNA	711
metazoa	lottia_gigantea_core_37_90_1	vault_RNA	2
metazoa	lucilia_cuprina_core_37_90_1	lncRNA	2
metazoa	lucilia_cuprina_core_37_90_1	ncRNA	1
metazoa	lucilia_cuprina_core_37_90_1	pre_miRNA	75
metazoa	lucilia_cuprina_core_37_90_1	RNase_MRP_RNA	1
metazoa	lucilia_cuprina_core_37_90_1	rRNA	6
metazoa	lucilia_cuprina_core_37_90_1	scaRNA	2
metazoa	lucilia_cuprina_core_37_90_1	snoRNA	14
metazoa	lucilia_cuprina_core_37_90_1	snRNA	43
metazoa	lucilia_cuprina_core_37_90_1	tRNA	623
metazoa	mayetiola_destructor_core_37_90_1	lncRNA	1
metazoa	mayetiola_destructor_core_37_90_1	ncRNA	5
metazoa	mayetiola_destructor_core_37_90_1	pre_miRNA	73
metazoa	mayetiola_destructor_core_37_90_1	RNase_MRP_RNA	1
metazoa	mayetiola_destructor_core_37_90_1	rRNA	16
metazoa	mayetiola_destructor_core_37_90_1	snoRNA	8
metazoa	mayetiola_destructor_core_37_90_1	snRNA	17
metazoa	mayetiola_destructor_core_37_90_1	SRP_RNA	2
metazoa	mayetiola_destructor_core_37_90_1	tRNA	127
metazoa	megaselia_scalaris_core_37_90_1	lncRNA	2
metazoa	megaselia_scalaris_core_37_90_1	ncRNA	1
metazoa	megaselia_scalaris_core_37_90_1	pre_miRNA	71
metazoa	megaselia_scalaris_core_37_90_1	rRNA	12
metazoa	megaselia_scalaris_core_37_90_1	scaRNA	2
metazoa	megaselia_scalaris_core_37_90_1	snoRNA	7
metazoa	megaselia_scalaris_core_37_90_1	snRNA	25
metazoa	megaselia_scalaris_core_37_90_1	tRNA	116
metazoa	melitaea_cinxia_core_37_90_1	lncRNA	3
metazoa	melitaea_cinxia_core_37_90_1	ncRNA	1
metazoa	melitaea_cinxia_core_37_90_1	pre_miRNA	44
metazoa	melitaea_cinxia_core_37_90_1	RNase_MRP_RNA	2
metazoa	melitaea_cinxia_core_37_90_1	RNase_P_RNA	4
metazoa	melitaea_cinxia_core_37_90_1	rRNA	227
metazoa	melitaea_cinxia_core_37_90_1	snoRNA	9
metazoa	melitaea_cinxia_core_37_90_1	snRNA	71
metazoa	melitaea_cinxia_core_37_90_1	SRP_RNA	1
metazoa	melitaea_cinxia_core_37_90_1	tRNA	92
metazoa	mnemiopsis_leidyi_core_37_90_1	pre_miRNA	9
metazoa	mnemiopsis_leidyi_core_37_90_1	RNase_MRP_RNA	1
metazoa	mnemiopsis_leidyi_core_37_90_1	RNase_P_RNA	1
metazoa	mnemiopsis_leidyi_core_37_90_1	rRNA	20
metazoa	mnemiopsis_leidyi_core_37_90_1	snoRNA	8
metazoa	mnemiopsis_leidyi_core_37_90_1	snRNA	48
metazoa	mnemiopsis_leidyi_core_37_90_1	SRP_RNA	2
metazoa	mnemiopsis_leidyi_core_37_90_1	tRNA	148
metazoa	nasonia_vitripennis_core_37_90_2	lncRNA	1
metazoa	nasonia_vitripennis_core_37_90_2	ncRNA	2
metazoa	nasonia_vitripennis_core_37_90_2	pre_miRNA	106
metazoa	nasonia_vitripennis_core_37_90_2	ribozyme	3
metazoa	nasonia_vitripennis_core_37_90_2	RNase_MRP_RNA	2
metazoa	nasonia_vitripennis_core_37_90_2	RNase_P_RNA	1
metazoa	nasonia_vitripennis_core_37_90_2	rRNA	47
metazoa	nasonia_vitripennis_core_37_90_2	scaRNA	1
metazoa	nasonia_vitripennis_core_37_90_2	snoRNA	7
metazoa	nasonia_vitripennis_core_37_90_2	snRNA	41
metazoa	nasonia_vitripennis_core_37_90_2	tRNA	215
metazoa	nematostella_vectensis_core_37_90_1	ncRNA	17
metazoa	nematostella_vectensis_core_37_90_1	pre_miRNA	32
metazoa	nematostella_vectensis_core_37_90_1	ribozyme	50
metazoa	nematostella_vectensis_core_37_90_1	RNase_MRP_RNA	2
metazoa	nematostella_vectensis_core_37_90_1	RNase_P_RNA	3
metazoa	nematostella_vectensis_core_37_90_1	rRNA	1065
metazoa	nematostella_vectensis_core_37_90_1	scaRNA	4
metazoa	nematostella_vectensis_core_37_90_1	snoRNA	50
metazoa	nematostella_vectensis_core_37_90_1	snRNA	398
metazoa	nematostella_vectensis_core_37_90_1	SRP_RNA	26
metazoa	nematostella_vectensis_core_37_90_1	tRNA	6268
metazoa	octopus_bimaculoides_core_37_90_1	lncRNA	2
metazoa	octopus_bimaculoides_core_37_90_1	ncRNA	2
metazoa	octopus_bimaculoides_core_37_90_1	pre_miRNA	215
metazoa	octopus_bimaculoides_core_37_90_1	ribozyme	39
metazoa	octopus_bimaculoides_core_37_90_1	RNase_MRP_RNA	3
metazoa	octopus_bimaculoides_core_37_90_1	RNase_P_RNA	1
metazoa	octopus_bimaculoides_core_37_90_1	rRNA	723
metazoa	octopus_bimaculoides_core_37_90_1	scaRNA	1
metazoa	octopus_bimaculoides_core_37_90_1	snoRNA	36
metazoa	octopus_bimaculoides_core_37_90_1	snRNA	515
metazoa	octopus_bimaculoides_core_37_90_1	SRP_RNA	44
metazoa	octopus_bimaculoides_core_37_90_1	tRNA	189
metazoa	octopus_bimaculoides_core_37_90_1	vault_RNA	1
metazoa	schistosoma_mansoni_core_37_90_5	pre_miRNA	6
metazoa	schistosoma_mansoni_core_37_90_5	RNase_P_RNA	2
metazoa	schistosoma_mansoni_core_37_90_5	rRNA	151
metazoa	schistosoma_mansoni_core_37_90_5	snoRNA	9
metazoa	schistosoma_mansoni_core_37_90_5	snRNA	227
metazoa	schistosoma_mansoni_core_37_90_5	SRP_RNA	4
metazoa	schistosoma_mansoni_core_37_90_5	tRNA	564
metazoa	solenopsis_invicta_core_37_90_1	ncRNA	1
metazoa	solenopsis_invicta_core_37_90_1	pre_miRNA	207
metazoa	solenopsis_invicta_core_37_90_1	RNase_MRP_RNA	1
metazoa	solenopsis_invicta_core_37_90_1	RNase_P_RNA	1
metazoa	solenopsis_invicta_core_37_90_1	rRNA	63
metazoa	solenopsis_invicta_core_37_90_1	scaRNA	1
metazoa	solenopsis_invicta_core_37_90_1	snoRNA	6
metazoa	solenopsis_invicta_core_37_90_1	snRNA	24
metazoa	solenopsis_invicta_core_37_90_1	SRP_RNA	3
metazoa	solenopsis_invicta_core_37_90_1	tRNA	170
metazoa	stegodyphus_mimosarum_core_37_90_2	lncRNA	1
metazoa	stegodyphus_mimosarum_core_37_90_2	pre_miRNA	78
metazoa	stegodyphus_mimosarum_core_37_90_2	RNase_MRP_RNA	1
metazoa	stegodyphus_mimosarum_core_37_90_2	RNase_P_RNA	2
metazoa	stegodyphus_mimosarum_core_37_90_2	rRNA	324
metazoa	stegodyphus_mimosarum_core_37_90_2	snoRNA	26
metazoa	stegodyphus_mimosarum_core_37_90_2	snRNA	191
metazoa	stegodyphus_mimosarum_core_37_90_2	SRP_RNA	10
metazoa	stegodyphus_mimosarum_core_37_90_2	tRNA	1397
metazoa	stegodyphus_mimosarum_core_37_90_2	vault_RNA	6
metazoa	strigamia_maritima_core_37_90_1	lncRNA	1
metazoa	strigamia_maritima_core_37_90_1	ncRNA	2
metazoa	strigamia_maritima_core_37_90_1	pre_miRNA	69
metazoa	strigamia_maritima_core_37_90_1	RNase_MRP_RNA	1
metazoa	strigamia_maritima_core_37_90_1	RNase_P_RNA	2
metazoa	strigamia_maritima_core_37_90_1	rRNA	62
metazoa	strigamia_maritima_core_37_90_1	scaRNA	1
metazoa	strigamia_maritima_core_37_90_1	snoRNA	7
metazoa	strigamia_maritima_core_37_90_1	snRNA	94
metazoa	strigamia_maritima_core_37_90_1	SRP_RNA	3
metazoa	strigamia_maritima_core_37_90_1	tRNA	226
metazoa	strigamia_maritima_core_37_90_1	vault_RNA	1
metazoa	strongylocentrotus_purpuratus_core_37_90_3	lncRNA	1
metazoa	strongylocentrotus_purpuratus_core_37_90_3	ncRNA	1
metazoa	strongylocentrotus_purpuratus_core_37_90_3	pre_miRNA	90
metazoa	strongylocentrotus_purpuratus_core_37_90_3	ribozyme	49
metazoa	strongylocentrotus_purpuratus_core_37_90_3	RNase_MRP_RNA	4
metazoa	strongylocentrotus_purpuratus_core_37_90_3	RNase_P_RNA	1
metazoa	strongylocentrotus_purpuratus_core_37_90_3	rRNA	119
metazoa	strongylocentrotus_purpuratus_core_37_90_3	scaRNA	6
metazoa	strongylocentrotus_purpuratus_core_37_90_3	snoRNA	84
metazoa	strongylocentrotus_purpuratus_core_37_90_3	snRNA	174
metazoa	strongylocentrotus_purpuratus_core_37_90_3	SRP_RNA	6
metazoa	strongylocentrotus_purpuratus_core_37_90_3	tRNA	708
metazoa	strongylocentrotus_purpuratus_core_37_90_3	vault_RNA	10
metazoa	tetranychus_urticae_core_37_90_1	pre_miRNA	19
metazoa	tetranychus_urticae_core_37_90_1	RNase_P_RNA	1
metazoa	tetranychus_urticae_core_37_90_1	rRNA	39
metazoa	tetranychus_urticae_core_37_90_1	snoRNA	5
metazoa	tetranychus_urticae_core_37_90_1	snRNA	5
metazoa	tetranychus_urticae_core_37_90_1	tRNA	116
metazoa	thelohanellus_kitauei_core_37_90_1	ncRNA	1
metazoa	thelohanellus_kitauei_core_37_90_1	rRNA	15
metazoa	thelohanellus_kitauei_core_37_90_1	snoRNA	1
metazoa	thelohanellus_kitauei_core_37_90_1	snRNA	5
metazoa	thelohanellus_kitauei_core_37_90_1	tRNA	67
metazoa	tribolium_castaneum_core_37_90_5	pre_miRNA	43
metazoa	tribolium_castaneum_core_37_90_5	RNase_MRP_RNA	1
metazoa	tribolium_castaneum_core_37_90_5	RNase_P_RNA	2
metazoa	tribolium_castaneum_core_37_90_5	rRNA	179
metazoa	tribolium_castaneum_core_37_90_5	scaRNA	1
metazoa	tribolium_castaneum_core_37_90_5	snoRNA	5
metazoa	tribolium_castaneum_core_37_90_5	snRNA	20
metazoa	tribolium_castaneum_core_37_90_5	SRP_RNA	1
metazoa	tribolium_castaneum_core_37_90_5	tRNA	208
metazoa	trichoplax_adhaerens_core_37_90_1	RNase_MRP_RNA	1
metazoa	trichoplax_adhaerens_core_37_90_1	rRNA	19
metazoa	trichoplax_adhaerens_core_37_90_1	snoRNA	5
metazoa	trichoplax_adhaerens_core_37_90_1	snRNA	12
metazoa	trichoplax_adhaerens_core_37_90_1	SRP_RNA	1
metazoa	trichoplax_adhaerens_core_37_90_1	tRNA	41
metazoa	zootermopsis_nevadensis_core_37_90_1	lncRNA	1
metazoa	zootermopsis_nevadensis_core_37_90_1	ncRNA	4
metazoa	zootermopsis_nevadensis_core_37_90_1	pre_miRNA	73
metazoa	zootermopsis_nevadensis_core_37_90_1	RNase_MRP_RNA	2
metazoa	zootermopsis_nevadensis_core_37_90_1	RNase_P_RNA	1
metazoa	zootermopsis_nevadensis_core_37_90_1	rRNA	26
metazoa	zootermopsis_nevadensis_core_37_90_1	scaRNA	1
metazoa	zootermopsis_nevadensis_core_37_90_1	snoRNA	6
metazoa	zootermopsis_nevadensis_core_37_90_1	snRNA	44
metazoa	zootermopsis_nevadensis_core_37_90_1	SRP_RNA	8
metazoa	zootermopsis_nevadensis_core_37_90_1	tRNA	191
