plant	aegilops_tauschii_core_37_90_1	antisense_RNA	8
plant	aegilops_tauschii_core_37_90_1	pre_miRNA	52
plant	aegilops_tauschii_core_37_90_1	RNase_MRP_RNA	1
plant	aegilops_tauschii_core_37_90_1	rRNA	505
plant	aegilops_tauschii_core_37_90_1	sense_intronic	207
plant	aegilops_tauschii_core_37_90_1	snoRNA	533
plant	aegilops_tauschii_core_37_90_1	snRNA	322
plant	aegilops_tauschii_core_37_90_1	SRP_RNA	28
plant	aegilops_tauschii_core_37_90_1	tRNA	689
plant	amborella_trichopoda_core_37_90_1	antisense_RNA	10
plant	amborella_trichopoda_core_37_90_1	pre_miRNA	33
plant	amborella_trichopoda_core_37_90_1	RNase_MRP_RNA	1
plant	amborella_trichopoda_core_37_90_1	rRNA	126
plant	amborella_trichopoda_core_37_90_1	sense_intronic	51
plant	amborella_trichopoda_core_37_90_1	snoRNA	144
plant	amborella_trichopoda_core_37_90_1	snRNA	199
plant	amborella_trichopoda_core_37_90_1	SRP_RNA	13
plant	amborella_trichopoda_core_37_90_1	tRNA	151
plant	arabidopsis_lyrata_core_37_90_10	antisense_RNA	3
plant	arabidopsis_lyrata_core_37_90_10	pre_miRNA	124
plant	arabidopsis_lyrata_core_37_90_10	RNase_MRP_RNA	3
plant	arabidopsis_lyrata_core_37_90_10	rRNA	72
plant	arabidopsis_lyrata_core_37_90_10	sense_intronic	13
plant	arabidopsis_lyrata_core_37_90_10	snoRNA	184
plant	arabidopsis_lyrata_core_37_90_10	snRNA	104
plant	arabidopsis_lyrata_core_37_90_10	SRP_RNA	10
plant	arabidopsis_lyrata_core_37_90_10	tRNA	321
plant	arabidopsis_thaliana_core_37_90_11	antisense_RNA	1
plant	arabidopsis_thaliana_core_37_90_11	pre_miRNA	39
plant	arabidopsis_thaliana_core_37_90_11	RNase_MRP_RNA	2
plant	arabidopsis_thaliana_core_37_90_11	rRNA	515
plant	arabidopsis_thaliana_core_37_90_11	sense_intronic	27
plant	arabidopsis_thaliana_core_37_90_11	snoRNA	134
plant	arabidopsis_thaliana_core_37_90_11	snRNA	72
plant	arabidopsis_thaliana_core_37_90_11	SRP_RNA	10
plant	arabidopsis_thaliana_core_37_90_11	tRNA	344
plant	beta_vulgaris_core_37_90_2	antisense_RNA	8
plant	beta_vulgaris_core_37_90_2	pre_miRNA	113
plant	beta_vulgaris_core_37_90_2	RNase_MRP_RNA	1
plant	beta_vulgaris_core_37_90_2	rRNA	426
plant	beta_vulgaris_core_37_90_2	sense_intronic	36
plant	beta_vulgaris_core_37_90_2	snoRNA	203
plant	beta_vulgaris_core_37_90_2	snRNA	149
plant	beta_vulgaris_core_37_90_2	SRP_RNA	17
plant	beta_vulgaris_core_37_90_2	tRNA	557
plant	brachypodium_distachyon_core_37_90_12	antisense_RNA	4
plant	brachypodium_distachyon_core_37_90_12	pre_miRNA	39
plant	brachypodium_distachyon_core_37_90_12	RNase_MRP_RNA	2
plant	brachypodium_distachyon_core_37_90_12	rRNA	298
plant	brachypodium_distachyon_core_37_90_12	sense_intronic	23
plant	brachypodium_distachyon_core_37_90_12	snoRNA	159
plant	brachypodium_distachyon_core_37_90_12	snRNA	95
plant	brachypodium_distachyon_core_37_90_12	SRP_RNA	8
plant	brachypodium_distachyon_core_37_90_12	tRNA	370
plant	brassica_napus_core_37_90_1	antisense_RNA	4
plant	brassica_napus_core_37_90_1	pre_miRNA	357
plant	brassica_napus_core_37_90_1	RNase_MRP_RNA	6
plant	brassica_napus_core_37_90_1	rRNA	724
plant	brassica_napus_core_37_90_1	sense_intronic	71
plant	brassica_napus_core_37_90_1	snoRNA	953
plant	brassica_napus_core_37_90_1	snRNA	349
plant	brassica_napus_core_37_90_1	SRP_RNA	55
plant	brassica_napus_core_37_90_1	tRNA	1717
plant	brassica_oleracea_core_37_90_1	antisense_RNA	2
plant	brassica_oleracea_core_37_90_1	pre_miRNA	121
plant	brassica_oleracea_core_37_90_1	RNase_MRP_RNA	3
plant	brassica_oleracea_core_37_90_1	rRNA	220
plant	brassica_oleracea_core_37_90_1	sense_intronic	20
plant	brassica_oleracea_core_37_90_1	snoRNA	282
plant	brassica_oleracea_core_37_90_1	snRNA	174
plant	brassica_oleracea_core_37_90_1	SRP_RNA	29
plant	brassica_oleracea_core_37_90_1	tRNA	618
plant	brassica_rapa_core_37_90_1	antisense_RNA	1
plant	brassica_rapa_core_37_90_1	pre_miRNA	89
plant	brassica_rapa_core_37_90_1	RNase_MRP_RNA	3
plant	brassica_rapa_core_37_90_1	rRNA	135
plant	brassica_rapa_core_37_90_1	sense_intronic	18
plant	brassica_rapa_core_37_90_1	snoRNA	257
plant	brassica_rapa_core_37_90_1	snRNA	151
plant	brassica_rapa_core_37_90_1	SRP_RNA	23
plant	brassica_rapa_core_37_90_1	tRNA	614
plant	chlamydomonas_reinhardtii_core_37_90_1	antisense_RNA	1
plant	chlamydomonas_reinhardtii_core_37_90_1	pre_miRNA	2
plant	chlamydomonas_reinhardtii_core_37_90_1	rRNA	32
plant	chlamydomonas_reinhardtii_core_37_90_1	sense_intronic	6
plant	chlamydomonas_reinhardtii_core_37_90_1	snoRNA	16
plant	chlamydomonas_reinhardtii_core_37_90_1	snRNA	25
plant	chlamydomonas_reinhardtii_core_37_90_1	SRP_RNA	2
plant	chlamydomonas_reinhardtii_core_37_90_1	tRNA	113
plant	corchorus_capsularis_core_37_90_1	antisense_RNA	16
plant	corchorus_capsularis_core_37_90_1	ncRNA	1
plant	corchorus_capsularis_core_37_90_1	pre_miRNA	161
plant	corchorus_capsularis_core_37_90_1	RNase_MRP_RNA	2
plant	corchorus_capsularis_core_37_90_1	rRNA	137
plant	corchorus_capsularis_core_37_90_1	sense_intronic	182
plant	corchorus_capsularis_core_37_90_1	snoRNA	188
plant	corchorus_capsularis_core_37_90_1	snRNA	115
plant	corchorus_capsularis_core_37_90_1	SRP_RNA	26
plant	corchorus_capsularis_core_37_90_1	tRNA	389
plant	glycine_max_core_37_90_1	antisense_RNA	3
plant	glycine_max_core_37_90_1	pre_miRNA	138
plant	glycine_max_core_37_90_1	RNase_MRP_RNA	2
plant	glycine_max_core_37_90_1	rRNA	312
plant	glycine_max_core_37_90_1	sense_intronic	12
plant	glycine_max_core_37_90_1	snoRNA	195
plant	glycine_max_core_37_90_1	snRNA	149
plant	glycine_max_core_37_90_1	SRP_RNA	20
plant	glycine_max_core_37_90_1	tRNA	538
plant	hordeum_vulgare_core_37_90_3	antisense_RNA	22
plant	hordeum_vulgare_core_37_90_3	pre_miRNA	77
plant	hordeum_vulgare_core_37_90_3	RNase_MRP_RNA	1
plant	hordeum_vulgare_core_37_90_3	rRNA	1372
plant	hordeum_vulgare_core_37_90_3	sense_intronic	173
plant	hordeum_vulgare_core_37_90_3	snoRNA	455
plant	hordeum_vulgare_core_37_90_3	snRNA	192
plant	hordeum_vulgare_core_37_90_3	SRP_RNA	11
plant	hordeum_vulgare_core_37_90_3	tRNA	626
plant	leersia_perrieri_core_37_90_14	ncRNA	2
plant	leersia_perrieri_core_37_90_14	pre_miRNA	183
plant	leersia_perrieri_core_37_90_14	RNase_MRP_RNA	1
plant	leersia_perrieri_core_37_90_14	rRNA	7
plant	leersia_perrieri_core_37_90_14	sense_intronic	1
plant	leersia_perrieri_core_37_90_14	snoRNA	390
plant	leersia_perrieri_core_37_90_14	snRNA	83
plant	leersia_perrieri_core_37_90_14	SRP_RNA	4
plant	leersia_perrieri_core_37_90_14	tRNA	230
plant	medicago_truncatula_core_37_90_2	antisense_RNA	1
plant	medicago_truncatula_core_37_90_2	ncRNA	1
plant	medicago_truncatula_core_37_90_2	pre_miRNA	139
plant	medicago_truncatula_core_37_90_2	RNase_MRP_RNA	3
plant	medicago_truncatula_core_37_90_2	rRNA	220
plant	medicago_truncatula_core_37_90_2	sense_intronic	44
plant	medicago_truncatula_core_37_90_2	snoRNA	301
plant	medicago_truncatula_core_37_90_2	snRNA	217
plant	medicago_truncatula_core_37_90_2	SRP_RNA	40
plant	medicago_truncatula_core_37_90_2	tRNA	433
plant	musa_acuminata_core_37_90_1	antisense_RNA	1
plant	musa_acuminata_core_37_90_1	pre_miRNA	106
plant	musa_acuminata_core_37_90_1	RNase_MRP_RNA	2
plant	musa_acuminata_core_37_90_1	rRNA	218
plant	musa_acuminata_core_37_90_1	sense_intronic	11
plant	musa_acuminata_core_37_90_1	snoRNA	107
plant	musa_acuminata_core_37_90_1	snRNA	100
plant	musa_acuminata_core_37_90_1	SRP_RNA	16
plant	musa_acuminata_core_37_90_1	tRNA	518
plant	oryza_barthii_core_37_90_3	ncRNA	2
plant	oryza_barthii_core_37_90_3	pre_miRNA	240
plant	oryza_barthii_core_37_90_3	RNase_MRP_RNA	1
plant	oryza_barthii_core_37_90_3	rRNA	12
plant	oryza_barthii_core_37_90_3	sense_intronic	9
plant	oryza_barthii_core_37_90_3	snoRNA	339
plant	oryza_barthii_core_37_90_3	snRNA	84
plant	oryza_barthii_core_37_90_3	SRP_RNA	3
plant	oryza_barthii_core_37_90_3	tRNA	260
plant	oryza_brachyantha_core_37_90_14	pre_miRNA	66
plant	oryza_brachyantha_core_37_90_14	RNase_MRP_RNA	1
plant	oryza_brachyantha_core_37_90_14	rRNA	18
plant	oryza_brachyantha_core_37_90_14	sense_intronic	12
plant	oryza_brachyantha_core_37_90_14	snoRNA	139
plant	oryza_brachyantha_core_37_90_14	snRNA	56
plant	oryza_brachyantha_core_37_90_14	SRP_RNA	1
plant	oryza_brachyantha_core_37_90_14	tRNA	150
plant	oryza_glaberrima_core_37_90_2	antisense_RNA	7
plant	oryza_glaberrima_core_37_90_2	pre_miRNA	113
plant	oryza_glaberrima_core_37_90_2	RNase_MRP_RNA	1
plant	oryza_glaberrima_core_37_90_2	rRNA	47
plant	oryza_glaberrima_core_37_90_2	sense_intronic	107
plant	oryza_glaberrima_core_37_90_2	snoRNA	176
plant	oryza_glaberrima_core_37_90_2	snRNA	77
plant	oryza_glaberrima_core_37_90_2	SRP_RNA	4
plant	oryza_glaberrima_core_37_90_2	tRNA	169
plant	oryza_glumaepatula_core_37_90_15	pre_miRNA	113
plant	oryza_glumaepatula_core_37_90_15	RNase_MRP_RNA	1
plant	oryza_glumaepatula_core_37_90_15	rRNA	13
plant	oryza_glumaepatula_core_37_90_15	sense_intronic	7
plant	oryza_glumaepatula_core_37_90_15	snoRNA	187
plant	oryza_glumaepatula_core_37_90_15	snRNA	85
plant	oryza_glumaepatula_core_37_90_15	SRP_RNA	2
plant	oryza_glumaepatula_core_37_90_15	tRNA	276
plant	oryza_indica_core_37_90_2	antisense_RNA	1
plant	oryza_indica_core_37_90_2	pre_miRNA	104
plant	oryza_indica_core_37_90_2	RNase_MRP_RNA	1
plant	oryza_indica_core_37_90_2	rRNA	526
plant	oryza_indica_core_37_90_2	sense_intronic	123
plant	oryza_indica_core_37_90_2	snoRNA	242
plant	oryza_indica_core_37_90_2	snRNA	96
plant	oryza_indica_core_37_90_2	SRP_RNA	3
plant	oryza_indica_core_37_90_2	tRNA	189
plant	oryza_longistaminata_core_37_90_2	antisense_RNA	3
plant	oryza_longistaminata_core_37_90_2	ncRNA	3
plant	oryza_longistaminata_core_37_90_2	pre_miRNA	262
plant	oryza_longistaminata_core_37_90_2	RNase_MRP_RNA	1
plant	oryza_longistaminata_core_37_90_2	rRNA	18
plant	oryza_longistaminata_core_37_90_2	sense_intronic	17
plant	oryza_longistaminata_core_37_90_2	snoRNA	500
plant	oryza_longistaminata_core_37_90_2	snRNA	92
plant	oryza_longistaminata_core_37_90_2	SRP_RNA	2
plant	oryza_longistaminata_core_37_90_2	tRNA	284
plant	oryza_meridionalis_core_37_90_13	antisense_RNA	1
plant	oryza_meridionalis_core_37_90_13	ncRNA	2
plant	oryza_meridionalis_core_37_90_13	pre_miRNA	217
plant	oryza_meridionalis_core_37_90_13	RNase_MRP_RNA	1
plant	oryza_meridionalis_core_37_90_13	rRNA	27
plant	oryza_meridionalis_core_37_90_13	sense_intronic	9
plant	oryza_meridionalis_core_37_90_13	snoRNA	328
plant	oryza_meridionalis_core_37_90_13	snRNA	77
plant	oryza_meridionalis_core_37_90_13	SRP_RNA	3
plant	oryza_meridionalis_core_37_90_13	tRNA	294
plant	oryza_nivara_core_37_90_10	pre_miRNA	130
plant	oryza_nivara_core_37_90_10	RNase_MRP_RNA	1
plant	oryza_nivara_core_37_90_10	rRNA	22
plant	oryza_nivara_core_37_90_10	sense_intronic	19
plant	oryza_nivara_core_37_90_10	snoRNA	206
plant	oryza_nivara_core_37_90_10	snRNA	84
plant	oryza_nivara_core_37_90_10	SRP_RNA	2
plant	oryza_nivara_core_37_90_10	tRNA	292
plant	oryza_punctata_core_37_90_12	pre_miRNA	115
plant	oryza_punctata_core_37_90_12	RNase_MRP_RNA	1
plant	oryza_punctata_core_37_90_12	rRNA	114
plant	oryza_punctata_core_37_90_12	sense_intronic	6
plant	oryza_punctata_core_37_90_12	snoRNA	213
plant	oryza_punctata_core_37_90_12	snRNA	75
plant	oryza_punctata_core_37_90_12	SRP_RNA	2
plant	oryza_punctata_core_37_90_12	tRNA	308
plant	oryza_rufipogon_core_37_90_11	antisense_RNA	1
plant	oryza_rufipogon_core_37_90_11	pre_miRNA	102
plant	oryza_rufipogon_core_37_90_11	RNase_MRP_RNA	1
plant	oryza_rufipogon_core_37_90_11	rRNA	87
plant	oryza_rufipogon_core_37_90_11	sense_intronic	16
plant	oryza_rufipogon_core_37_90_11	snoRNA	202
plant	oryza_rufipogon_core_37_90_11	snRNA	87
plant	oryza_rufipogon_core_37_90_11	SRP_RNA	2
plant	oryza_rufipogon_core_37_90_11	tRNA	287
plant	oryza_sativa_core_37_90_7	antisense_RNA	5
plant	oryza_sativa_core_37_90_7	pre_miRNA	97
plant	oryza_sativa_core_37_90_7	RNase_MRP_RNA	1
plant	oryza_sativa_core_37_90_7	rRNA	262
plant	oryza_sativa_core_37_90_7	sense_intronic	59
plant	oryza_sativa_core_37_90_7	snoRNA	216
plant	oryza_sativa_core_37_90_7	snRNA	83
plant	oryza_sativa_core_37_90_7	SRP_RNA	2
plant	oryza_sativa_core_37_90_7	tRNA	187
plant	ostreococcus_lucimarinus_core_37_90_1	pre_miRNA	1
plant	ostreococcus_lucimarinus_core_37_90_1	rRNA	5
plant	ostreococcus_lucimarinus_core_37_90_1	snoRNA	6
plant	ostreococcus_lucimarinus_core_37_90_1	snRNA	4
plant	ostreococcus_lucimarinus_core_37_90_1	tRNA	8
plant	physcomitrella_patens_core_37_90_11	RNase_MRP_RNA	1
plant	physcomitrella_patens_core_37_90_11	rRNA	112
plant	physcomitrella_patens_core_37_90_11	sense_intronic	3
plant	physcomitrella_patens_core_37_90_11	snoRNA	63
plant	physcomitrella_patens_core_37_90_11	snRNA	64
plant	physcomitrella_patens_core_37_90_11	SRP_RNA	1
plant	physcomitrella_patens_core_37_90_11	tRNA	309
plant	populus_trichocarpa_core_37_90_20	antisense_RNA	3
plant	populus_trichocarpa_core_37_90_20	pre_miRNA	98
plant	populus_trichocarpa_core_37_90_20	RNase_MRP_RNA	2
plant	populus_trichocarpa_core_37_90_20	rRNA	180
plant	populus_trichocarpa_core_37_90_20	sense_intronic	3
plant	populus_trichocarpa_core_37_90_20	snoRNA	147
plant	populus_trichocarpa_core_37_90_20	snRNA	104
plant	populus_trichocarpa_core_37_90_20	SRP_RNA	12
plant	populus_trichocarpa_core_37_90_20	tRNA	418
plant	prunus_persica_core_37_90_1	pre_miRNA	53
plant	prunus_persica_core_37_90_1	RNase_MRP_RNA	2
plant	prunus_persica_core_37_90_1	rRNA	242
plant	prunus_persica_core_37_90_1	sense_intronic	10
plant	prunus_persica_core_37_90_1	snoRNA	96
plant	prunus_persica_core_37_90_1	snRNA	102
plant	prunus_persica_core_37_90_1	SRP_RNA	23
plant	prunus_persica_core_37_90_1	tRNA	283
plant	selaginella_moellendorffii_core_37_90_1	antisense_RNA	2
plant	selaginella_moellendorffii_core_37_90_1	pre_miRNA	22
plant	selaginella_moellendorffii_core_37_90_1	RNase_MRP_RNA	2
plant	selaginella_moellendorffii_core_37_90_1	rRNA	418
plant	selaginella_moellendorffii_core_37_90_1	sense_intronic	7
plant	selaginella_moellendorffii_core_37_90_1	snoRNA	31
plant	selaginella_moellendorffii_core_37_90_1	snRNA	109
plant	selaginella_moellendorffii_core_37_90_1	SRP_RNA	9
plant	selaginella_moellendorffii_core_37_90_1	tRNA	712
plant	setaria_italica_core_37_90_21	antisense_RNA	3
plant	setaria_italica_core_37_90_21	pre_miRNA	65
plant	setaria_italica_core_37_90_21	RNase_MRP_RNA	1
plant	setaria_italica_core_37_90_21	rRNA	71
plant	setaria_italica_core_37_90_21	sense_intronic	28
plant	setaria_italica_core_37_90_21	snoRNA	161
plant	setaria_italica_core_37_90_21	snRNA	91
plant	setaria_italica_core_37_90_21	SRP_RNA	22
plant	setaria_italica_core_37_90_21	tRNA	417
plant	solanum_lycopersicum_core_37_90_250	antisense_RNA	4
plant	solanum_lycopersicum_core_37_90_250	ncRNA	2
plant	solanum_lycopersicum_core_37_90_250	pre_miRNA	139
plant	solanum_lycopersicum_core_37_90_250	RNase_MRP_RNA	2
plant	solanum_lycopersicum_core_37_90_250	rRNA	190
plant	solanum_lycopersicum_core_37_90_250	sense_intronic	30
plant	solanum_lycopersicum_core_37_90_250	snoRNA	243
plant	solanum_lycopersicum_core_37_90_250	snRNA	219
plant	solanum_lycopersicum_core_37_90_250	SRP_RNA	41
plant	solanum_lycopersicum_core_37_90_250	tRNA	536
plant	solanum_tuberosum_core_37_90_4	antisense_RNA	2
plant	solanum_tuberosum_core_37_90_4	pre_miRNA	13
plant	solanum_tuberosum_core_37_90_4	RNase_MRP_RNA	2
plant	solanum_tuberosum_core_37_90_4	rRNA	321
plant	solanum_tuberosum_core_37_90_4	sense_intronic	49
plant	solanum_tuberosum_core_37_90_4	snoRNA	98
plant	solanum_tuberosum_core_37_90_4	snRNA	311
plant	solanum_tuberosum_core_37_90_4	SRP_RNA	57
plant	solanum_tuberosum_core_37_90_4	tRNA	556
plant	theobroma_cacao_core_37_90_1	pre_miRNA	62
plant	theobroma_cacao_core_37_90_1	RNase_MRP_RNA	1
plant	theobroma_cacao_core_37_90_1	rRNA	42
plant	theobroma_cacao_core_37_90_1	snoRNA	73
plant	theobroma_cacao_core_37_90_1	snRNA	88
plant	theobroma_cacao_core_37_90_1	SRP_RNA	7
plant	theobroma_cacao_core_37_90_1	tRNA	246
plant	trifolium_pratense_core_37_90_1	pre_miRNA	136
plant	trifolium_pratense_core_37_90_1	RNase_MRP_RNA	3
plant	trifolium_pratense_core_37_90_1	rRNA	57
plant	trifolium_pratense_core_37_90_1	sense_intronic	11
plant	trifolium_pratense_core_37_90_1	snoRNA	345
plant	trifolium_pratense_core_37_90_1	snRNA	262
plant	trifolium_pratense_core_37_90_1	SRP_RNA	37
plant	trifolium_pratense_core_37_90_1	tRNA	385
plant	triticum_aestivum_core_37_90_3	antisense_RNA	39
plant	triticum_aestivum_core_37_90_3	pre_miRNA	46
plant	triticum_aestivum_core_37_90_3	RNase_MRP_RNA	3
plant	triticum_aestivum_core_37_90_3	rRNA	2501
plant	triticum_aestivum_core_37_90_3	sense_intronic	799
plant	triticum_aestivum_core_37_90_3	snoRNA	1249
plant	triticum_aestivum_core_37_90_3	snRNA	1056
plant	triticum_aestivum_core_37_90_3	SRP_RNA	110
plant	triticum_aestivum_core_37_90_3	tRNA	2054
plant	triticum_urartu_core_37_90_1	antisense_RNA	9
plant	triticum_urartu_core_37_90_1	pre_miRNA	38
plant	triticum_urartu_core_37_90_1	RNase_MRP_RNA	1
plant	triticum_urartu_core_37_90_1	rRNA	291
plant	triticum_urartu_core_37_90_1	sense_intronic	203
plant	triticum_urartu_core_37_90_1	snoRNA	476
plant	triticum_urartu_core_37_90_1	snRNA	256
plant	triticum_urartu_core_37_90_1	SRP_RNA	31
plant	triticum_urartu_core_37_90_1	tRNA	682
plant	vitis_vinifera_core_37_90_3	antisense_RNA	7
plant	vitis_vinifera_core_37_90_3	ncRNA	1
plant	vitis_vinifera_core_37_90_3	pre_miRNA	81
plant	vitis_vinifera_core_37_90_3	ribozyme	6
plant	vitis_vinifera_core_37_90_3	RNase_MRP_RNA	1
plant	vitis_vinifera_core_37_90_3	rRNA	98
plant	vitis_vinifera_core_37_90_3	sense_intronic	5
plant	vitis_vinifera_core_37_90_3	snoRNA	97
plant	vitis_vinifera_core_37_90_3	snRNA	80
plant	vitis_vinifera_core_37_90_3	SRP_RNA	20
plant	vitis_vinifera_core_37_90_3	tRNA	242
plant	zea_mays_core_37_90_7	antisense_RNA	4
plant	zea_mays_core_37_90_7	ncRNA	1
plant	zea_mays_core_37_90_7	pre_miRNA	163
plant	zea_mays_core_37_90_7	RNase_MRP_RNA	1
plant	zea_mays_core_37_90_7	rRNA	313
plant	zea_mays_core_37_90_7	sense_intronic	55
plant	zea_mays_core_37_90_7	snoRNA	468
plant	zea_mays_core_37_90_7	snRNA	179
plant	zea_mays_core_37_90_7	SRP_RNA	66
plant	zea_mays_core_37_90_7	tRNA	611
